c SGM      KRG      KRO 
   0.000  0.000    1.000
   0.003  0.000    0.985
   0.005  0.000    0.970
   0.007  0.000    0.955
   0.010  0.000    0.940
   0.013  0.000    0.925
   0.015  0.000    0.911
   0.018  0.000    0.897
   0.020  0.000    0.882
   0.022  0.000    0.869
   0.025  0.000    0.855
   0.027  0.000    0.841
   0.030  0.000    0.828
   0.032  0.000    0.815
   0.035  0.000    0.801
   0.037  0.000    0.788
   0.040  0.000    0.776
   0.043  0.001    0.763
   0.045  0.001    0.751
   0.048  0.001    0.738
   0.050  0.001    0.726
   0.053  0.001    0.714
   0.055  0.001    0.702
   0.058  0.001    0.690
   0.060  0.002    0.679
   0.063  0.002    0.667
   0.065  0.002    0.656
   0.068  0.002    0.645
   0.070  0.002    0.634
   0.073  0.003    0.623
   0.075  0.003    0.612
   0.078  0.003    0.602
   0.080  0.003    0.591
   0.083  0.004    0.581
   0.085  0.004    0.571
   0.088  0.005    0.561
   0.090  0.005    0.551
   0.093  0.005    0.541
   0.095  0.006    0.532
   0.098  0.006    0.522
   0.100  0.007    0.513
   0.103  0.007    0.503
   0.105  0.008    0.494
   0.108  0.008    0.485
   0.110  0.009    0.476
   0.113  0.009    0.468
   0.115  0.010    0.459
   0.118  0.011    0.450
   0.120  0.011    0.442
   0.123  0.012    0.434
   0.125  0.013    0.426
   0.128  0.014    0.418
   0.130  0.014    0.410
   0.133  0.015    0.402
   0.135  0.016    0.394
   0.138  0.017    0.386
   0.140  0.018    0.379
   0.143  0.019    0.372
   0.145  0.020    0.364
   0.148  0.021    0.357
   0.150  0.022    0.350
   0.153  0.023    0.343
   0.155  0.024    0.336
   0.158  0.025    0.330
   0.160  0.026    0.323
   0.163  0.027    0.316
   0.165  0.029    0.310
   0.168  0.030    0.304
   0.170  0.031    0.297
   0.173  0.032    0.291
   0.175  0.034    0.285
   0.178  0.035    0.279
   0.180  0.037    0.273
   0.183  0.038    0.268
   0.185  0.040    0.262
   0.188  0.041    0.256
   0.190  0.043    0.251
   0.193  0.044    0.245
   0.195  0.046    0.240
   0.198  0.048    0.235
   0.200  0.049    0.230
   0.203  0.051    0.225
   0.205  0.053    0.220
   0.208  0.055    0.215
   0.210  0.057    0.210
   0.213  0.058    0.205
   0.215  0.060    0.201
   0.218  0.062    0.196
   0.220  0.064    0.192
   0.223  0.066    0.187
   0.225  0.069    0.183
   0.228  0.071    0.179
   0.230  0.073    0.174
   0.233  0.075    0.170
   0.235  0.077    0.166
   0.238  0.080    0.162
   0.240  0.082    0.158
   0.243  0.084    0.154
   0.245  0.087    0.151
   0.248  0.089    0.147
   0.250  0.092    0.143
   0.253  0.094    0.140
   0.255  0.097    0.136
   0.258  0.100    0.133
   0.260  0.102    0.130
   0.263  0.105    0.126
   0.265  0.108    0.123
   0.268  0.111    0.120
   0.270  0.114    0.117
   0.273  0.116    0.114
   0.275  0.119    0.111
   0.278  0.122    0.108
   0.280  0.125    0.105
   0.283  0.129    0.102
   0.285  0.132    0.099
   0.288  0.135    0.097
   0.290  0.138    0.094
   0.293  0.141    0.092
   0.295  0.145    0.089
   0.298  0.148    0.086
   0.300  0.151    0.084
   0.303  0.155    0.082
   0.305  0.158    0.079
   0.308  0.162    0.077
   0.310  0.165    0.075
   0.313  0.169    0.073
   0.315  0.172    0.071
   0.318  0.176    0.068
   0.320  0.180    0.066
   0.323  0.184    0.064
   0.325  0.188    0.062
   0.328  0.191    0.061
   0.330  0.195    0.059
   0.333  0.199    0.057
   0.335  0.203    0.055
   0.338  0.207    0.053
   0.340  0.211    0.052
   0.343  0.216    0.050
   0.345  0.220    0.048
   0.348  0.224    0.047
   0.350  0.228    0.045
   0.353  0.232    0.044
   0.355  0.237    0.042
   0.358  0.241    0.041
   0.360  0.246    0.040
   0.363  0.250    0.038
   0.365  0.255    0.037
   0.368  0.259    0.036
   0.370  0.264    0.034
   0.373  0.269    0.033
   0.375  0.273    0.032
   0.378  0.278    0.031
   0.380  0.283    0.030
   0.383  0.288    0.029
   0.385  0.293    0.028
   0.388  0.297    0.027
   0.390  0.302    0.026
   0.393  0.307    0.025
   0.395  0.312    0.024
   0.398  0.318    0.023
   0.400  0.323    0.022
   0.403  0.328    0.021
   0.405  0.333    0.020
   0.408  0.338    0.019
   0.410  0.344    0.019
   0.413  0.349    0.018
   0.415  0.354    0.017
   0.418  0.360    0.016
   0.420  0.365    0.016
   0.423  0.371    0.015
   0.425  0.376    0.014
   0.428  0.382    0.014
   0.430  0.387    0.013
   0.433  0.393    0.013
   0.435  0.399    0.012
   0.438  0.405    0.011
   0.440  0.410    0.011
   0.443  0.416    0.010
   0.445  0.422    0.010
   0.448  0.428    0.009
   0.450  0.434    0.009
   0.453  0.440    0.009
   0.455  0.446    0.008
   0.458  0.452    0.008
   0.460  0.458    0.007
   0.463  0.464    0.007
   0.465  0.470    0.007
   0.468  0.477    0.006
   0.470  0.483    0.006
   0.473  0.489    0.006
   0.475  0.495    0.005
   0.478  0.502    0.005
   0.480  0.508    0.005
   0.483  0.514    0.004
   0.485  0.521    0.004
   0.488  0.527    0.004
   0.490  0.534    0.004
   0.493  0.540    0.003
   0.495  0.547    0.003
   0.498  0.554    0.003
   0.500  0.560    0.003
   0.503  0.567    0.003
   0.505  0.574    0.002
   0.508  0.580    0.002
   0.510  0.587    0.002
   0.513  0.594    0.002
   0.515  0.601    0.002
   0.517  0.608    0.002
   0.520  0.614    0.002
   0.522  0.621    0.001
   0.525  0.628    0.001
   0.527  0.635    0.001
   0.530  0.642    0.001
   0.532  0.649    0.001
   0.535  0.656    0.001
   0.537  0.663    0.001
   0.540  0.670    0.001
   0.542  0.678    0.001
   0.545  0.685    0.001
   0.547  0.692    0.001
   0.550  0.699    0.001
   0.552  0.706    0.001
   0.555  0.713    0.000
   0.557  0.721    0.000
   0.560  0.728    0.000
   0.562  0.735    0.000
   0.565  0.743    0.000
   0.567  0.750    0.000
   0.570  0.757    0.000
   0.572  0.765    0.000
   0.575  0.772    0.000
   0.577  0.780    0.000
   0.580  0.787    0.000
   0.582  0.794    0.000
   0.585  0.802    0.000
   0.587  0.809    0.000
   0.590  0.817    0.000
   0.592  0.824    0.000
   0.595  0.832    0.000
   0.597  0.839    0.000
   0.600  0.847    0.000
   0.602  0.855    0.000
   0.605  0.862    0.000
   0.607  0.870    0.000
   0.610  0.877    0.000
   0.612  0.885    0.000
   0.615  0.893    0.000
   0.617  0.900    0.000
   0.620  0.908    0.000
   0.622  0.916    0.000
   0.625  0.923    0.000
   0.627  0.931    0.000
   0.630  0.939    0.000
   0.632  0.946    0.000
   0.635  0.954    0.000
   0.637  0.962    0.000
   0.640  0.969    0.000
   0.642  0.977    0.000
   0.645  0.985    0.000
   0.647  0.992    0.000
   0.650  1.000    0.000
   0.652  1.000    0.000
   0.655  1.000    0.000
   0.657  1.000    0.000
   0.660  1.000    0.000
   0.662  1.000    0.000
   0.665  1.000    0.000
   0.667  1.000    0.000
   0.670  1.000    0.000
   0.672  1.000    0.000
   0.675  1.000    0.000
   0.677  1.000    0.000
   0.680  1.000    0.000
   0.682  1.000    0.000
   0.685  1.000    0.000
   0.687  1.000    0.000
   0.690  1.000    0.000
   0.692  1.000    0.000
   0.695  1.000    0.000
   0.697  1.000    0.000
   0.700  1.000    0.000
   0.702  1.000    0.000
   0.705  1.000    0.000
   0.707  1.000    0.000
   0.710  1.000    0.000
   0.712  1.000    0.000
   0.715  1.000    0.000
   0.717  1.000    0.000
   0.720  1.000    0.000
   0.722  1.000    0.000
   0.725  1.000    0.000
   0.727  1.000    0.000
   0.730  1.000    0.000
   0.732  1.000    0.000
   0.735  1.000    0.000
   0.737  1.000    0.000
   0.740  1.000    0.000
   0.742  1.000    0.000
   0.745  1.000    0.000
   0.747  1.000    0.001
   0.750  1.000    0.001
   0.752  1.000    0.001
   0.755  1.000    0.001
   0.757  1.000    0.001
   0.760  1.000    0.001
   0.762  1.000    0.001
   0.765  1.000    0.001
   0.767  1.000    0.001
   0.770  1.000    0.001
   0.772  1.000    0.001
   0.775  1.000    0.001
   0.777  1.000    0.001
   0.780  1.000    0.002
   0.782  1.000    0.002
   0.785  1.000    0.002
   0.787  1.000    0.002
   0.790  1.000    0.002
   0.792  1.000    0.002
   0.795  1.000    0.002
   0.797  1.000    0.003
   0.800  1.000    0.003
   0.802  1.000    0.003
   0.805  1.000    0.003
   0.807  1.000    0.003
   0.810  1.000    0.004
   0.812  1.000    0.004
   0.815  1.000    0.004
   0.817  1.000    0.004
   0.820  1.000    0.005
   0.822  1.000    0.005
   0.825  1.000    0.005
   0.827  1.000    0.006
   0.830  1.000    0.006
   0.832  1.000    0.006
   0.835  1.000    0.007
   0.837  1.000    0.007
   0.840  1.000    0.007
   0.842  1.000    0.008
   0.845  1.000    0.008
   0.847  1.000    0.009
   0.850  1.000    0.009
   0.852  1.000    0.009
   0.855  1.000    0.010
   0.857  1.000    0.010
   0.860  1.000    0.011
   0.862  1.000    0.011
   0.865  1.000    0.012
   0.867  1.000    0.013
   0.870  1.000    0.013
   0.872  1.000    0.014
   0.875  1.000    0.014
   0.877  1.000    0.015
   0.880  1.000    0.016
   0.882  1.000    0.016
   0.885  1.000    0.017
   0.887  1.000    0.018
   0.890  1.000    0.019
   0.892  1.000    0.019
   0.895  1.000    0.020
   0.897  1.000    0.021
   0.900  1.000    0.022
   0.902  1.000    0.023
   0.905  1.000    0.024
   0.907  1.000    0.025
   0.910  1.000    0.026
   0.912  1.000    0.027
   0.915  1.000    0.028
   0.917  1.000    0.029
   0.920  1.000    0.030
   0.922  1.000    0.031
   0.925  1.000    0.032
   0.927  1.000    0.033
   0.930  1.000    0.034
   0.932  1.000    0.036
   0.935  1.000    0.037
   0.937  1.000    0.038
   0.940  1.000    0.040
   0.942  1.000    0.041
   0.945  1.000    0.042
   0.947  1.000    0.044
   0.950  1.000    0.045
   0.952  1.000    0.047
   0.955  1.000    0.048
   0.957  1.000    0.050
   0.960  1.000    0.052
   0.962  1.000    0.053
   0.965  1.000    0.055
   0.967  1.000    0.057
   0.970  1.000    0.059
   0.972  1.000    0.061
   0.975  1.000    0.062
   0.977  1.000    0.064
   0.980  1.000    0.066
   0.982  1.000    0.068
   0.985  1.000    0.071
   0.987  1.000    0.073
   0.990  1.000    0.075
   0.992  1.000    0.077
   0.995  1.000    0.079
   0.997  1.000    0.082
   1.000  1.000    0.084
