
                              FLUID CHARACTERISTICS
                              *********************

   RES. TEMP.   SAT. PRESSURE   C7+ MOLE. WEIGHT   C7+ SPECIFIC GRAVITY
   ----------   -------------   ----------------   --------------------
      (F)           (psia)   

     244.0         2677.0              194.4              .8277



     APPARENT MOLECULAR WEIGHT         DENSITY AT SATURATION PRESSURE 
     -------------------------         ------------------------------ 
                                                (lb/ft^3)

              103.91                              42.22


                              SEPARATOR CONDITIONS #  1
                              ********************** 


     SEPARATOR   PRESSURE   TEMPERATURE
     ---------   --------   -----------
                  (psia)        (F)

         1          1000.0        72.0
         2            14.7        60.0

                              STAGE #1  L =.7976  V =.2024
                              GAS GRAVITY = 0.6161

 Component         zi             Ki               xi             yi
 ------------------------------------------------------------------------

      1           0.0088        14.0767           0.0024         0.0338
      2           0.0021         1.8309           0.0018         0.0033
      3           0.0000         0.4878           0.0000         0.0000
      4           0.3672         3.9801           0.2290         0.9116
      5           0.0387         0.8208           0.0402         0.0330
      6           0.0298         0.2792           0.0349         0.0097
      7           0.0115         0.1379           0.0140         0.0019
      8           0.0174         0.1075           0.0212         0.0023
      9           0.0161         0.0554           0.0199         0.0011
     10           0.0191         0.0454           0.0237         0.0011
     11           0.0382         0.0223           0.0477         0.0011
     12           0.4510         0.0020           0.5652         0.0011

                              STAGE #2  L =.6601  V =.3399
                              GAS GRAVITY = 1.0533

 Component         zi             Ki               xi             yi
 ------------------------------------------------------------------------

      1           0.0024      1158.7216           0.0000         0.0070
      2           0.0018        81.1446           0.0001         0.0052
      3           0.0000        14.0087           0.0000         0.0000
      4           0.2290       228.9499           0.0029         0.6682
      5           0.0402        27.4705           0.0040         0.1104
      6           0.0349         6.4110           0.0123         0.0788
      7           0.0140         2.5178           0.0092         0.0232
      8           0.0212         1.8045           0.0167         0.0301
      9           0.0199         0.7504           0.0217         0.0163
     10           0.0237         0.5730           0.0277         0.0159
     11           0.0477         0.2238           0.0648         0.0145
     12           0.5652         0.0361           0.8406         0.0304


  S.T OIL DENSITY      API GRAVITY       GOR          BO
  -------------------------------------------------------
      (lb/ft^3)                        (scf/stb)    (rb/stb)

       50.961              41.8          558.67      1.363



                              SEPARATOR CONDITIONS #  2
                              ********************** 


     SEPARATOR   PRESSURE   TEMPERATURE
     ---------   --------   -----------
                  (psia)        (F)

         1           800.0        72.0
         2            14.7        60.0

                              STAGE #1  L =.7576  V =.2424
                              GAS GRAVITY = 0.6150

 Component         zi             Ki               xi             yi
 ------------------------------------------------------------------------

      1           0.0088        18.2464           0.0017         0.0308
      2           0.0021         2.0657           0.0017         0.0035
      3           0.0000         0.5030           0.0000         0.0000
      4           0.3672         4.7342           0.1928         0.9126
      5           0.0387         0.8769           0.0399         0.0350
      6           0.0298         0.2772           0.0362         0.0100
      7           0.0115         0.1305           0.0146         0.0019
      8           0.0174         0.1000           0.0223         0.0022
      9           0.0161         0.0493           0.0209         0.0010
     10           0.0191         0.0398           0.0249         0.0010
     11           0.0382         0.0187           0.0502         0.0009
     12           0.4510         0.0017           0.5950         0.0010

                              STAGE #2  L =.7023  V =.2977
                              GAS GRAVITY = 1.0764

 Component         zi             Ki               xi             yi
 ------------------------------------------------------------------------

      1           0.0017      1158.7216           0.0000         0.0057
      2           0.0017        81.1446           0.0001         0.0055
      3           0.0000        14.0087           0.0000         0.0000
      4           0.1928       228.9499           0.0028         0.6409
      5           0.0399        27.4705           0.0045         0.1235
      6           0.0362         6.4110           0.0138         0.0888
      7           0.0146         2.5178           0.0101         0.0253
      8           0.0223         1.8045           0.0180         0.0324
      9           0.0209         0.7504           0.0226         0.0169
     10           0.0249         0.5730           0.0285         0.0163
     11           0.0502         0.2238           0.0653         0.0146
     12           0.5950         0.0361           0.8344         0.0301


  S.T OIL DENSITY      API GRAVITY       GOR          BO
  -------------------------------------------------------
      (lb/ft^3)                        (scf/stb)    (rb/stb)

       50.913              41.9          548.36      1.354



                              SEPARATOR CONDITIONS #  3
                              ********************** 


     SEPARATOR   PRESSURE   TEMPERATURE
     ---------   --------   -----------
                  (psia)        (F)

         1           600.0        72.0
         2            14.7        60.0

                              STAGE #1  L =.7138  V =.2862
                              GAS GRAVITY = 0.6181

 Component         zi             Ki               xi             yi
 ------------------------------------------------------------------------

      1           0.0088        25.3678           0.0011         0.0278
      2           0.0021         2.5208           0.0015         0.0037
      3           0.0000         0.5640           0.0000         0.0000
      4           0.3672         6.0712           0.1498         0.9096
      5           0.0387         1.0166           0.0385         0.0392
      6           0.0298         0.2999           0.0373         0.0112
      7           0.0115         0.1350           0.0153         0.0021
      8           0.0174         0.1018           0.0234         0.0024
      9           0.0161         0.0481           0.0221         0.0011
     10           0.0191         0.0383           0.0263         0.0010
     11           0.0382         0.0172           0.0532         0.0009
     12           0.4510         0.0017           0.6314         0.0011

                              STAGE #2  L =.7549  V =.2451
                              GAS GRAVITY = 1.1077

 Component         zi             Ki               xi             yi
 ------------------------------------------------------------------------

      1           0.0011      1158.7216           0.0000         0.0045
      2           0.0015        81.1446           0.0001         0.0058
      3           0.0000        14.0087           0.0000         0.0000
      4           0.1498       228.9499           0.0026         0.6031
      5           0.0385        27.4705           0.0051         0.1414
      6           0.0373         6.4110           0.0160         0.1028
      7           0.0153         2.5178           0.0112         0.0281
      8           0.0234         1.8045           0.0196         0.0353
      9           0.0221         0.7504           0.0235         0.0177
     10           0.0263         0.5730           0.0294         0.0169
     11           0.0532         0.2238           0.0657         0.0147
     12           0.6314         0.0361           0.8267         0.0299


  S.T OIL DENSITY      API GRAVITY       GOR          BO
  -------------------------------------------------------
      (lb/ft^3)                        (scf/stb)    (rb/stb)

       50.851              42.1          536.19      1.343



                              SEPARATOR CONDITIONS #  4
                              ********************** 


     SEPARATOR   PRESSURE   TEMPERATURE
     ---------   --------   -----------
                  (psia)        (F)

         1           400.0        72.0
         2            14.7        60.0

                              STAGE #1  L =.6672  V =.3328
                              GAS GRAVITY = 0.6283

 Component         zi             Ki               xi             yi
 ------------------------------------------------------------------------

      1           0.0088        39.8971           0.0006         0.0250
      2           0.0021         3.5089           0.0011         0.0040
      3           0.0000         0.7254           0.0000         0.0000
      4           0.3672         8.8531           0.1016         0.8996
      5           0.0387         1.3487           0.0347         0.0468
      6           0.0298         0.3730           0.0377         0.0141
      7           0.0115         0.1610           0.0160         0.0026
      8           0.0174         0.1196           0.0246         0.0029
      9           0.0161         0.0543           0.0235         0.0013
     10           0.0191         0.0428           0.0280         0.0012
     11           0.0382         0.0184           0.0568         0.0010
     12           0.4510         0.0021           0.6753         0.0014

                              STAGE #2  L =.8197  V =.1803
                              GAS GRAVITY = 1.1487

 Component         zi             Ki               xi             yi
 ------------------------------------------------------------------------

      1           0.0006      1158.7216           0.0000         0.0035
      2           0.0011        81.1446           0.0001         0.0060
      3           0.0000        14.0087           0.0000         0.0000
      4           0.1016       228.9499           0.0024         0.5525
      5           0.0347        27.4705           0.0060         0.1651
      6           0.0377         6.4110           0.0191         0.1223
      7           0.0160         2.5178           0.0125         0.0316
      8           0.0246         1.8045           0.0215         0.0388
      9           0.0235         0.7504           0.0246         0.0184
     10           0.0280         0.5730           0.0304         0.0174
     11           0.0568         0.2238           0.0661         0.0148
     12           0.6753         0.0361           0.8174         0.0295


  S.T OIL DENSITY      API GRAVITY       GOR          BO
  -------------------------------------------------------
      (lb/ft^3)                        (scf/stb)    (rb/stb)

       50.775              42.4          522.31      1.332



                              SEPARATOR CONDITIONS #  5
                              ********************** 


     SEPARATOR   PRESSURE   TEMPERATURE
     ---------   --------   -----------
                  (psia)        (F)

         1           100.0        72.0
         2            14.7        60.0

                              STAGE #1  L =.5797  V =.4203
                              GAS GRAVITY = 0.7088

 Component         zi             Ki               xi             yi
 ------------------------------------------------------------------------

      1           0.0088       173.1221           0.0001         0.0207
      2           0.0021        12.8776           0.0004         0.0045
      3           0.0000         2.3881           0.0000         0.0000
      4           0.3672        34.6304           0.0243         0.8403
      5           0.0387         4.6342           0.0153         0.0710
      6           0.0298         1.1732           0.0278         0.0326
      7           0.0115         0.4778           0.0148         0.0071
      8           0.0174         0.3479           0.0240         0.0083
      9           0.0161         0.1496           0.0250         0.0037
     10           0.0191         0.1159           0.0304         0.0035
     11           0.0382         0.0470           0.0638         0.0030
     12           0.4510         0.0068           0.7742         0.0053

                              STAGE #2  L =*****  V =*****
                              GAS GRAVITY = 1.9695

 Component         zi             Ki               xi             yi
 ------------------------------------------------------------------------

      1           0.0001      1158.7216           0.0000        -0.0008
      2           0.0004        81.1446           0.0000        -0.0025
      3           0.0000        14.0087           0.0000         0.0000
      4           0.0243       228.9499          -0.0007        -0.1611
      5           0.0153        27.4705          -0.0049        -0.1349
      6           0.0278         6.4110           0.1762         1.1297
      7           0.0148         2.5178           0.0193         0.0487
      8           0.0240         1.8045           0.0274         0.0495
      9           0.0250         0.7504           0.0241         0.0181
     10           0.0304         0.5730           0.0285         0.0163
     11           0.0638         0.2238           0.0569         0.0127
     12           0.7742         0.0361           0.6732         0.0243


  S.T OIL DENSITY      API GRAVITY       GOR          BO
  -------------------------------------------------------
      (lb/ft^3)                        (scf/stb)    (rb/stb)

       49.281              47.7          345.05      1.208



                              SEPARATOR CONDITIONS #  6
                              ********************** 


     SEPARATOR   PRESSURE   TEMPERATURE
     ---------   --------   -----------
                  (psia)        (F)

         1            80.0        72.0
         2            14.7        60.0

                              STAGE #1  L =.5700  V =.4300
                              GAS GRAVITY = 0.7300

 Component         zi             Ki               xi             yi
 ------------------------------------------------------------------------

      1           0.0088       217.6764           0.0001         0.0202
      2           0.0021        16.0226           0.0003         0.0045
      3           0.0000         2.9512           0.0000         0.0000
      4           0.3672        43.2606           0.0192         0.8287
      5           0.0387         5.7422           0.0127         0.0732
      6           0.0298         1.4456           0.0250         0.0362
      7           0.0115         0.5866           0.0140         0.0082
      8           0.0174         0.4265           0.0231         0.0099
      9           0.0161         0.1828           0.0248         0.0045
     10           0.0191         0.1414           0.0303         0.0043
     11           0.0382         0.0572           0.0643         0.0037
     12           0.4510         0.0084           0.7862         0.0066

                              STAGE #2  L =*****  V =*****
                              GAS GRAVITY = 1.9233

 Component         zi             Ki               xi             yi
 ------------------------------------------------------------------------

      1           0.0001      1158.7216           0.0000        -0.0006
      2           0.0003        81.1446           0.0000        -0.0020
      3           0.0000        14.0087           0.0000         0.0000
      4           0.0192       228.9499          -0.0005        -0.1259
      5           0.0127        27.4705          -0.0040        -0.1108
      6           0.0250         6.4110           0.1675         1.0735
      7           0.0140         2.5178           0.0184         0.0463
      8           0.0231         1.8045           0.0265         0.0477
      9           0.0248         0.7504           0.0239         0.0179
     10           0.0303         0.5730           0.0284         0.0162
     11           0.0643         0.2238           0.0573         0.0128
     12           0.7862         0.0361           0.6828         0.0247


  S.T OIL DENSITY      API GRAVITY       GOR          BO
  -------------------------------------------------------
      (lb/ft^3)                        (scf/stb)    (rb/stb)

       49.388              47.3          358.80      1.218



                              SEPARATOR CONDITIONS #  7
                              ********************** 


     SEPARATOR   PRESSURE   TEMPERATURE
     ---------   --------   -----------
                  (psia)        (F)

         1            60.0        72.0
         2            14.7        60.0

                              STAGE #1  L =.5581  V =.4419
                              GAS GRAVITY = 0.7622

 Component         zi             Ki               xi             yi
 ------------------------------------------------------------------------

      1           0.0088       291.9597           0.0001         0.0197
      2           0.0021        21.2678           0.0002         0.0045
      3           0.0000         3.8909           0.0000         0.0000
      4           0.3672        57.6504           0.0141         0.8132
      5           0.0387         7.5908           0.0099         0.0751
      6           0.0298         1.9005           0.0213         0.0405
      7           0.0115         0.7684           0.0128         0.0099
      8           0.0174         0.5580           0.0216         0.0121
      9           0.0161         0.2383           0.0242         0.0058
     10           0.0191         0.1842           0.0299         0.0055
     11           0.0382         0.0742           0.0647         0.0048
     12           0.4510         0.0111           0.8011         0.0089

                              STAGE #2  L =*****  V =*****
                              GAS GRAVITY = 1.8749

 Component         zi             Ki               xi             yi
 ------------------------------------------------------------------------

      1           0.0001      1158.7216           0.0000        -0.0004
      2           0.0002        81.1446           0.0000        -0.0015
      3           0.0000        14.0087           0.0000         0.0000
      4           0.0141       228.9499          -0.0004        -0.0910
      5           0.0099        27.4705          -0.0031        -0.0841
      6           0.0213         6.4110           0.1588         1.0180
      7           0.0128         2.5178           0.0169         0.0427
      8           0.0216         1.8045           0.0248         0.0448
      9           0.0242         0.7504           0.0233         0.0175
     10           0.0299         0.5730           0.0279         0.0160
     11           0.0647         0.2238           0.0576         0.0129
     12           0.8011         0.0361           0.6941         0.0251


  S.T OIL DENSITY      API GRAVITY       GOR          BO
  -------------------------------------------------------
      (lb/ft^3)                        (scf/stb)    (rb/stb)

       49.510              46.8          375.71      1.231



                              SEPARATOR CONDITIONS #  8
                              ********************** 


     SEPARATOR   PRESSURE   TEMPERATURE
     ---------   --------   -----------
                  (psia)        (F)

         1            50.0        72.0
         2            14.7        60.0

                              STAGE #1  L =.5506  V =.4494
                              GAS GRAVITY = 0.7860

 Component         zi             Ki               xi             yi
 ------------------------------------------------------------------------

      1           0.0088       351.3982           0.0001         0.0194
      2           0.0021        25.4654           0.0002         0.0045
      3           0.0000         4.6432           0.0000         0.0000
      4           0.3672        69.1650           0.0116         0.8029
      5           0.0387         9.0705           0.0084         0.0759
      6           0.0298         2.2648           0.0190         0.0431
      7           0.0115         0.9141           0.0120         0.0110
      8           0.0174         0.6634           0.0205         0.0136
      9           0.0161         0.2828           0.0237         0.0067
     10           0.0191         0.2185           0.0294         0.0064
     11           0.0382         0.0879           0.0648         0.0057
     12           0.4510         0.0133           0.8103         0.0108
